<?xml version="1.0" encoding="UTF-8"?>
<!-- Generated by org.testng.reporters.JUnitXMLReporter -->
<testsuite ignored="0" hostname="DESKTOP-7K7BD1Q" failures="0" tests="8" name="Free CRM App Test Cases" time="66.884" errors="0" timestamp="2024-09-13T15:38:08 IST">
  <testcase classname="com.Internet_Banking_TestCases.Login_TestCase" name="loginPageTitleTestValidate" time="0.019"/>
  <testcase classname="com.Internet_Banking_TestCases.Login_TestCase" name="pageLogo" time="0.04"/>
  <testcase classname="com.Internet_Banking_TestCases.Login_TestCase" name="enterCredentials" time="3.926"/>
  <testcase classname="com.Internet_Banking_TestCases.HomePage_TestCase" name="clickonNewCustomer" time="0.49"/>
  <testcase classname="com.Internet_Banking_TestCases.HomePage_TestCase" name="validateWelcomeText" time="0.066"/>
  <testcase classname="com.Internet_Banking_TestCases.New_Customer_TestCases" name="pageTextLabel" time="0.439"/>
  <testcase classname="com.Internet_Banking_TestCases.New_Customer_TestCases" name="navigateToNewCustomer" time="0.473"/>
  <testcase classname="com.Internet_Banking_TestCases.New_Customer_TestCases" name="enterDetails" time="2.343"/>
</testsuite> <!-- Free CRM App Test Cases -->
