<?xml version="1.0" encoding="UTF-8"?>
<!-- Generated by org.testng.reporters.JUnitXMLReporter -->
<testsuite ignored="0" hostname="DESKTOP-7K7BD1Q" failures="0" tests="3" name="Default test" time="29.117" errors="0" timestamp="2024-09-13T15:31:17 IST">
  <testcase classname="com.Internet_Banking_TestCases.New_Customer_TestCases" name="enterDetails" time="2.497"/>
  <testcase classname="com.Internet_Banking_TestCases.New_Customer_TestCases" name="navigateToNewCustomer" time="0.419"/>
  <testcase classname="com.Internet_Banking_TestCases.New_Customer_TestCases" name="pageTextLabel" time="0.443"/>
</testsuite> <!-- Default test -->
