<?xml version="1.0" encoding="UTF-8"?>
<!-- Generated by org.testng.reporters.JUnitXMLReporter -->
<testsuite ignored="0" hostname="DESKTOP-7K7BD1Q" failures="0" tests="3" name="Default test" time="29.297" errors="0" timestamp="2024-08-25T18:56:30 IST">
  <testcase classname="com.Internet_Banking_TestCases.Login_TestCase" name="loginPageTitleTestValidate" time="0.031"/>
  <testcase classname="com.Internet_Banking_TestCases.Login_TestCase" name="pageLogo" time="0.057"/>
  <testcase classname="com.Internet_Banking_TestCases.Login_TestCase" name="enterCredentials" time="0.628"/>
</testsuite> <!-- Default test -->
