<?xml version="1.0" encoding="UTF-8"?>
<testng-results ignored="0" total="3" passed="3" failed="0" skipped="0">
  <reporter-output>
  </reporter-output>
  <suite started-at="2024-08-25T18:56:01 IST" name="Default suite" finished-at="2024-08-25T18:56:30 IST" duration-ms="29297">
    <groups>
    </groups>
    <test started-at="2024-08-25T18:56:01 IST" name="Default test" finished-at="2024-08-25T18:56:30 IST" duration-ms="29297">
      <class name="com.Internet_Banking_TestCases.Login_TestCase">
        <test-method is-config="true" signature="setup()[pri:0, instance:com.Internet_Banking_TestCases.Login_TestCase@7161d8d1]" started-at="2024-08-25T18:56:01 IST" name="setup" finished-at="2024-08-25T18:56:13 IST" duration-ms="11495" status="PASS">
          <reporter-output>
          </reporter-output>
        </test-method> <!-- setup -->
        <test-method signature="loginPageTitleTestValidate()[pri:1, instance:com.Internet_Banking_TestCases.Login_TestCase@7161d8d1]" started-at="2024-08-25T18:56:13 IST" name="loginPageTitleTestValidate" finished-at="2024-08-25T18:56:13 IST" duration-ms="31" status="PASS">
          <reporter-output>
          </reporter-output>
        </test-method> <!-- loginPageTitleTestValidate -->
        <test-method is-config="true" signature="tearDown()[pri:0, instance:com.Internet_Banking_TestCases.Login_TestCase@7161d8d1]" started-at="2024-08-25T18:56:13 IST" name="tearDown" finished-at="2024-08-25T18:56:13 IST" duration-ms="699" status="PASS">
          <reporter-output>
          </reporter-output>
        </test-method> <!-- tearDown -->
        <test-method is-config="true" signature="setup()[pri:0, instance:com.Internet_Banking_TestCases.Login_TestCase@7161d8d1]" started-at="2024-08-25T18:56:13 IST" name="setup" finished-at="2024-08-25T18:56:21 IST" duration-ms="7817" status="PASS">
          <reporter-output>
          </reporter-output>
        </test-method> <!-- setup -->
        <test-method signature="pageLogo()[pri:2, instance:com.Internet_Banking_TestCases.Login_TestCase@7161d8d1]" started-at="2024-08-25T18:56:21 IST" name="pageLogo" finished-at="2024-08-25T18:56:21 IST" duration-ms="57" status="PASS">
          <reporter-output>
          </reporter-output>
        </test-method> <!-- pageLogo -->
        <test-method is-config="true" signature="tearDown()[pri:0, instance:com.Internet_Banking_TestCases.Login_TestCase@7161d8d1]" started-at="2024-08-25T18:56:21 IST" name="tearDown" finished-at="2024-08-25T18:56:22 IST" duration-ms="647" status="PASS">
          <reporter-output>
          </reporter-output>
        </test-method> <!-- tearDown -->
        <test-method is-config="true" signature="setup()[pri:0, instance:com.Internet_Banking_TestCases.Login_TestCase@7161d8d1]" started-at="2024-08-25T18:56:22 IST" name="setup" finished-at="2024-08-25T18:56:29 IST" duration-ms="7195" status="PASS">
          <reporter-output>
          </reporter-output>
        </test-method> <!-- setup -->
        <test-method signature="enterCredentials()[pri:3, instance:com.Internet_Banking_TestCases.Login_TestCase@7161d8d1]" started-at="2024-08-25T18:56:29 IST" name="enterCredentials" finished-at="2024-08-25T18:56:30 IST" duration-ms="628" status="PASS">
          <reporter-output>
          </reporter-output>
        </test-method> <!-- enterCredentials -->
        <test-method is-config="true" signature="tearDown()[pri:0, instance:com.Internet_Banking_TestCases.Login_TestCase@7161d8d1]" started-at="2024-08-25T18:56:30 IST" name="tearDown" finished-at="2024-08-25T18:56:30 IST" duration-ms="662" status="PASS">
          <reporter-output>
          </reporter-output>
        </test-method> <!-- tearDown -->
      </class> <!-- com.Internet_Banking_TestCases.Login_TestCase -->
    </test> <!-- Default test -->
  </suite> <!-- Default suite -->
</testng-results>
