<?xml version="1.0" encoding="UTF-8"?>
<testng-results ignored="0" total="8" passed="8" failed="0" skipped="0">
  <reporter-output>
  </reporter-output>
  <suite started-at="2024-09-13T15:37:01 IST" name="FREE CRM Application Test Automation Test Suite" finished-at="2024-09-13T15:38:08 IST" duration-ms="66884">
    <groups>
    </groups>
    <test started-at="2024-09-13T15:37:01 IST" name="Free CRM App Test Cases" finished-at="2024-09-13T15:38:08 IST" duration-ms="66884">
      <class name="com.Internet_Banking_TestCases.New_Customer_TestCases">
        <test-method is-config="true" signature="setup()[pri:0, instance:com.Internet_Banking_TestCases.New_Customer_TestCases@5890e879]" started-at="2024-09-13T15:37:39 IST" name="setup" finished-at="2024-09-13T15:37:48 IST" duration-ms="8225" status="PASS">
          <reporter-output>
          </reporter-output>
        </test-method> <!-- setup -->
        <test-method signature="pageTextLabel()[pri:1, instance:com.Internet_Banking_TestCases.New_Customer_TestCases@5890e879]" started-at="2024-09-13T15:37:48 IST" name="pageTextLabel" finished-at="2024-09-13T15:37:48 IST" duration-ms="439" status="PASS">
          <reporter-output>
          </reporter-output>
        </test-method> <!-- pageTextLabel -->
        <test-method is-config="true" signature="tearDown()[pri:0, instance:com.Internet_Banking_TestCases.New_Customer_TestCases@5890e879]" started-at="2024-09-13T15:37:48 IST" name="tearDown" finished-at="2024-09-13T15:37:48 IST" duration-ms="149" status="PASS">
          <reporter-output>
          </reporter-output>
        </test-method> <!-- tearDown -->
        <test-method is-config="true" signature="setup()[pri:0, instance:com.Internet_Banking_TestCases.New_Customer_TestCases@5890e879]" started-at="2024-09-13T15:37:48 IST" name="setup" finished-at="2024-09-13T15:37:57 IST" duration-ms="8345" status="PASS">
          <reporter-output>
          </reporter-output>
        </test-method> <!-- setup -->
        <test-method signature="navigateToNewCustomer()[pri:2, instance:com.Internet_Banking_TestCases.New_Customer_TestCases@5890e879]" started-at="2024-09-13T15:37:57 IST" name="navigateToNewCustomer" finished-at="2024-09-13T15:37:57 IST" duration-ms="473" status="PASS">
          <reporter-output>
          </reporter-output>
        </test-method> <!-- navigateToNewCustomer -->
        <test-method is-config="true" signature="tearDown()[pri:0, instance:com.Internet_Banking_TestCases.New_Customer_TestCases@5890e879]" started-at="2024-09-13T15:37:57 IST" name="tearDown" finished-at="2024-09-13T15:37:57 IST" duration-ms="140" status="PASS">
          <reporter-output>
          </reporter-output>
        </test-method> <!-- tearDown -->
        <test-method is-config="true" signature="setup()[pri:0, instance:com.Internet_Banking_TestCases.New_Customer_TestCases@5890e879]" started-at="2024-09-13T15:37:57 IST" name="setup" finished-at="2024-09-13T15:38:06 IST" duration-ms="8410" status="PASS">
          <reporter-output>
          </reporter-output>
        </test-method> <!-- setup -->
        <test-method signature="enterDetails()[pri:3, instance:com.Internet_Banking_TestCases.New_Customer_TestCases@5890e879]" started-at="2024-09-13T15:38:06 IST" name="enterDetails" finished-at="2024-09-13T15:38:08 IST" duration-ms="2343" status="PASS">
          <reporter-output>
          </reporter-output>
        </test-method> <!-- enterDetails -->
        <test-method is-config="true" signature="tearDown()[pri:0, instance:com.Internet_Banking_TestCases.New_Customer_TestCases@5890e879]" started-at="2024-09-13T15:38:08 IST" name="tearDown" finished-at="2024-09-13T15:38:08 IST" duration-ms="113" status="PASS">
          <reporter-output>
          </reporter-output>
        </test-method> <!-- tearDown -->
      </class> <!-- com.Internet_Banking_TestCases.New_Customer_TestCases -->
      <class name="com.Internet_Banking_TestCases.Login_TestCase">
        <test-method is-config="true" signature="setup()[pri:0, instance:com.Internet_Banking_TestCases.Login_TestCase@4be29ed9]" started-at="2024-09-13T15:37:01 IST" name="setup" finished-at="2024-09-13T15:37:06 IST" duration-ms="5300" status="PASS">
          <reporter-output>
          </reporter-output>
        </test-method> <!-- setup -->
        <test-method signature="loginPageTitleTestValidate()[pri:1, instance:com.Internet_Banking_TestCases.Login_TestCase@4be29ed9]" started-at="2024-09-13T15:37:06 IST" name="loginPageTitleTestValidate" finished-at="2024-09-13T15:37:06 IST" duration-ms="19" status="PASS">
          <reporter-output>
          </reporter-output>
        </test-method> <!-- loginPageTitleTestValidate -->
        <test-method is-config="true" signature="tearDown()[pri:0, instance:com.Internet_Banking_TestCases.Login_TestCase@4be29ed9]" started-at="2024-09-13T15:37:06 IST" name="tearDown" finished-at="2024-09-13T15:37:07 IST" duration-ms="643" status="PASS">
          <reporter-output>
          </reporter-output>
        </test-method> <!-- tearDown -->
        <test-method is-config="true" signature="setup()[pri:0, instance:com.Internet_Banking_TestCases.Login_TestCase@4be29ed9]" started-at="2024-09-13T15:37:07 IST" name="setup" finished-at="2024-09-13T15:37:12 IST" duration-ms="5151" status="PASS">
          <reporter-output>
          </reporter-output>
        </test-method> <!-- setup -->
        <test-method signature="pageLogo()[pri:2, instance:com.Internet_Banking_TestCases.Login_TestCase@4be29ed9]" started-at="2024-09-13T15:37:12 IST" name="pageLogo" finished-at="2024-09-13T15:37:12 IST" duration-ms="40" status="PASS">
          <reporter-output>
          </reporter-output>
        </test-method> <!-- pageLogo -->
        <test-method is-config="true" signature="tearDown()[pri:0, instance:com.Internet_Banking_TestCases.Login_TestCase@4be29ed9]" started-at="2024-09-13T15:37:12 IST" name="tearDown" finished-at="2024-09-13T15:37:13 IST" duration-ms="624" status="PASS">
          <reporter-output>
          </reporter-output>
        </test-method> <!-- tearDown -->
        <test-method is-config="true" signature="setup()[pri:0, instance:com.Internet_Banking_TestCases.Login_TestCase@4be29ed9]" started-at="2024-09-13T15:37:13 IST" name="setup" finished-at="2024-09-13T15:37:17 IST" duration-ms="4423" status="PASS">
          <reporter-output>
          </reporter-output>
        </test-method> <!-- setup -->
        <test-method signature="enterCredentials()[pri:3, instance:com.Internet_Banking_TestCases.Login_TestCase@4be29ed9]" started-at="2024-09-13T15:37:17 IST" name="enterCredentials" finished-at="2024-09-13T15:37:21 IST" duration-ms="3926" status="PASS">
          <reporter-output>
          </reporter-output>
        </test-method> <!-- enterCredentials -->
        <test-method is-config="true" signature="tearDown()[pri:0, instance:com.Internet_Banking_TestCases.Login_TestCase@4be29ed9]" started-at="2024-09-13T15:37:21 IST" name="tearDown" finished-at="2024-09-13T15:37:22 IST" duration-ms="644" status="PASS">
          <reporter-output>
          </reporter-output>
        </test-method> <!-- tearDown -->
      </class> <!-- com.Internet_Banking_TestCases.Login_TestCase -->
      <class name="com.Internet_Banking_TestCases.HomePage_TestCase">
        <test-method is-config="true" signature="setup()[pri:0, instance:com.Internet_Banking_TestCases.HomePage_TestCase@6c284af]" started-at="2024-09-13T15:37:22 IST" name="setup" finished-at="2024-09-13T15:37:30 IST" duration-ms="8365" status="PASS">
          <reporter-output>
          </reporter-output>
        </test-method> <!-- setup -->
        <test-method signature="clickonNewCustomer()[pri:0, instance:com.Internet_Banking_TestCases.HomePage_TestCase@6c284af]" started-at="2024-09-13T15:37:30 IST" name="clickonNewCustomer" finished-at="2024-09-13T15:37:31 IST" duration-ms="490" status="PASS">
          <reporter-output>
          </reporter-output>
        </test-method> <!-- clickonNewCustomer -->
        <test-method is-config="true" signature="tearDown()[pri:0, instance:com.Internet_Banking_TestCases.HomePage_TestCase@6c284af]" started-at="2024-09-13T15:37:31 IST" name="tearDown" finished-at="2024-09-13T15:37:31 IST" duration-ms="134" status="PASS">
          <reporter-output>
          </reporter-output>
        </test-method> <!-- tearDown -->
        <test-method is-config="true" signature="setup()[pri:0, instance:com.Internet_Banking_TestCases.HomePage_TestCase@6c284af]" started-at="2024-09-13T15:37:31 IST" name="setup" finished-at="2024-09-13T15:37:39 IST" duration-ms="8248" status="PASS">
          <reporter-output>
          </reporter-output>
        </test-method> <!-- setup -->
        <test-method signature="validateWelcomeText()[pri:0, instance:com.Internet_Banking_TestCases.HomePage_TestCase@6c284af]" started-at="2024-09-13T15:37:39 IST" name="validateWelcomeText" finished-at="2024-09-13T15:37:39 IST" duration-ms="66" status="PASS">
          <reporter-output>
          </reporter-output>
        </test-method> <!-- validateWelcomeText -->
        <test-method is-config="true" signature="tearDown()[pri:0, instance:com.Internet_Banking_TestCases.HomePage_TestCase@6c284af]" started-at="2024-09-13T15:37:39 IST" name="tearDown" finished-at="2024-09-13T15:37:39 IST" duration-ms="127" status="PASS">
          <reporter-output>
          </reporter-output>
        </test-method> <!-- tearDown -->
      </class> <!-- com.Internet_Banking_TestCases.HomePage_TestCase -->
    </test> <!-- Free CRM App Test Cases -->
  </suite> <!-- FREE CRM Application Test Automation Test Suite -->
</testng-results>
